[2020-12-27 21:47:29.202] [sharedprocess] [info] main {"machineId":"a2d85bbe2adf1d69efcda710b7cde2e92f1a4eda5baed5ec8a304a94b3e9b542","windowId":2}
[2020-12-27 21:47:29.265] [sharedprocess] [error] [File Watcher (node.js)] Error: ENOENT: no such file or directory, stat '/home/vinay/project/gmail-clone/~/.vscode-root/User/snippets'
[2020-12-27 21:48:09.218] [sharedprocess] [info] Starting to clean up unused language packs.
[2020-12-27 22:02:33.651] [sharedprocess] [info] Installing extension: dsznajder.es7-react-js-snippets
[2020-12-27 22:02:34.137] [sharedprocess] [info] Downloaded extension: dsznajder.es7-react-js-snippets undefined
[2020-12-27 22:02:34.175] [sharedprocess] [info] Extracted extension to /home/vinay/.vscode/extensions/.dsznajder.es7-react-js-snippets-3.1.0: dsznajder.es7-react-js-snippets
[2020-12-27 22:02:34.175] [sharedprocess] [info] Renamed to /home/vinay/.vscode/extensions/dsznajder.es7-react-js-snippets-3.1.0
[2020-12-27 22:02:34.177] [sharedprocess] [info] Installation completed. dsznajder.es7-react-js-snippets
[2020-12-27 22:02:34.181] [sharedprocess] [info] Extensions installed successfully: dsznajder.es7-react-js-snippets
[2020-12-27 22:02:37.541] [sharedprocess] [info] Installing extension: wscats.omi-snippets
[2020-12-27 22:02:43.376] [sharedprocess] [info] Installing extension: burkeholland.simple-react-snippets
[2020-12-27 22:02:50.252] [sharedprocess] [info] Downloaded extension: wscats.omi-snippets undefined
[2020-12-27 22:02:50.593] [sharedprocess] [info] Downloaded extension: burkeholland.simple-react-snippets undefined
[2020-12-27 22:02:50.890] [sharedprocess] [info] Extracted extension to /home/vinay/.vscode/extensions/.burkeholland.simple-react-snippets-1.2.3: burkeholland.simple-react-snippets
[2020-12-27 22:02:50.890] [sharedprocess] [info] Renamed to /home/vinay/.vscode/extensions/burkeholland.simple-react-snippets-1.2.3
[2020-12-27 22:02:50.891] [sharedprocess] [info] Installation completed. burkeholland.simple-react-snippets
[2020-12-27 22:02:50.899] [sharedprocess] [info] Extensions installed successfully: burkeholland.simple-react-snippets
[2020-12-27 22:02:58.820] [sharedprocess] [info] Extracted extension to /home/vinay/.vscode/extensions/.wscats.omi-snippets-2.2.8: wscats.omi-snippets
[2020-12-27 22:02:58.820] [sharedprocess] [info] Renamed to /home/vinay/.vscode/extensions/wscats.omi-snippets-2.2.8
[2020-12-27 22:02:58.825] [sharedprocess] [info] Installation completed. wscats.omi-snippets
[2020-12-27 22:02:58.846] [sharedprocess] [info] Extensions installed successfully: wscats.omi-snippets
[2020-12-27 22:03:00.342] [sharedprocess] [info] Installing extension: runningcoder.react-snippets
[2020-12-27 22:03:00.925] [sharedprocess] [info] Downloaded extension: runningcoder.react-snippets undefined
[2020-12-27 22:03:00.935] [sharedprocess] [info] Extracted extension to /home/vinay/.vscode/extensions/.runningcoder.react-snippets-0.1.3: runningcoder.react-snippets
[2020-12-27 22:03:00.935] [sharedprocess] [info] Renamed to /home/vinay/.vscode/extensions/runningcoder.react-snippets-0.1.3
[2020-12-27 22:03:00.935] [sharedprocess] [info] Installation completed. runningcoder.react-snippets
[2020-12-27 22:03:00.941] [sharedprocess] [info] Extensions installed successfully: runningcoder.react-snippets
[2020-12-27 22:03:11.229] [sharedprocess] [info] Installing extension: ugross.vscode-react-snippets
[2020-12-27 22:03:11.876] [sharedprocess] [info] Downloaded extension: ugross.vscode-react-snippets undefined
[2020-12-27 22:03:11.965] [sharedprocess] [info] Extracted extension to /home/vinay/.vscode/extensions/.ugross.vscode-react-snippets-2.0.1: ugross.vscode-react-snippets
[2020-12-27 22:03:11.966] [sharedprocess] [info] Renamed to /home/vinay/.vscode/extensions/ugross.vscode-react-snippets-2.0.1
[2020-12-27 22:03:11.967] [sharedprocess] [info] Installation completed. ugross.vscode-react-snippets
[2020-12-27 22:03:11.972] [sharedprocess] [info] Extensions installed successfully: ugross.vscode-react-snippets
[2020-12-27 22:15:47.024] [sharedprocess] [info] Installing extension: wscats.html-snippets
[2020-12-27 22:15:47.493] [sharedprocess] [info] Downloaded extension: wscats.html-snippets undefined
[2020-12-27 22:15:47.553] [sharedprocess] [info] Extracted extension to /home/vinay/.vscode/extensions/.wscats.html-snippets-1.0.6: wscats.html-snippets
[2020-12-27 22:15:47.553] [sharedprocess] [info] Renamed to /home/vinay/.vscode/extensions/wscats.html-snippets-1.0.6
[2020-12-27 22:15:47.553] [sharedprocess] [info] Installation completed. wscats.html-snippets
[2020-12-27 22:15:47.559] [sharedprocess] [info] Extensions installed successfully: wscats.html-snippets
[2020-12-27 22:15:50.001] [sharedprocess] [info] Installing extension: abusaidm.html-snippets
[2020-12-27 22:15:50.593] [sharedprocess] [info] Downloaded extension: abusaidm.html-snippets undefined
[2020-12-27 22:15:50.641] [sharedprocess] [info] Extracted extension to /home/vinay/.vscode/extensions/.abusaidm.html-snippets-0.2.1: abusaidm.html-snippets
[2020-12-27 22:15:50.641] [sharedprocess] [info] Renamed to /home/vinay/.vscode/extensions/abusaidm.html-snippets-0.2.1
[2020-12-27 22:15:50.642] [sharedprocess] [info] Installation completed. abusaidm.html-snippets
[2020-12-27 22:15:50.648] [sharedprocess] [info] Extensions installed successfully: abusaidm.html-snippets
[2020-12-27 22:16:14.368] [sharedprocess] [info] Uninstalling extension: wscats.html-snippets
[2020-12-27 22:16:14.385] [sharedprocess] [info] Successfully uninstalled extension: wscats.html-snippets
