[2020-12-27 21:47:27.703] [exthost] [info] extension host started
[2020-12-27 21:47:27.729] [exthost] [info] ExtensionService#_doActivateExtension vscode.microsoft-authentication {"startup":false,"extensionId":{"value":"vscode.microsoft-authentication","_lower":"vscode.microsoft-authentication"},"activationEvent":"onAuthenticationRequest:microsoft"}
[2020-12-27 21:47:27.729] [exthost] [info] ExtensionService#loadCommonJSModule file:///usr/share/code/resources/app/extensions/microsoft-authentication/dist/extension.js
[2020-12-27 21:47:27.743] [exthost] [info] ExtensionService#_doActivateExtension vscode.debug-auto-launch {"startup":true,"extensionId":{"value":"vscode.debug-auto-launch","_lower":"vscode.debug-auto-launch"},"activationEvent":"*"}
[2020-12-27 21:47:27.743] [exthost] [info] ExtensionService#loadCommonJSModule file:///usr/share/code/resources/app/extensions/debug-auto-launch/dist/extension
[2020-12-27 21:47:27.746] [exthost] [info] ExtensionService#_doActivateExtension vscode.emmet {"startup":true,"extensionId":{"value":"vscode.emmet","_lower":"vscode.emmet"},"activationEvent":"*"}
[2020-12-27 21:47:27.746] [exthost] [info] ExtensionService#loadCommonJSModule file:///usr/share/code/resources/app/extensions/emmet/dist/node/emmetNodeMain
[2020-12-27 21:47:27.784] [exthost] [info] ExtensionService#_doActivateExtension vscode.git {"startup":true,"extensionId":{"value":"vscode.github","_lower":"vscode.github"},"activationEvent":"*"}
[2020-12-27 21:47:27.784] [exthost] [info] ExtensionService#loadCommonJSModule file:///usr/share/code/resources/app/extensions/git/dist/main
[2020-12-27 21:47:27.820] [exthost] [info] ExtensionService#_doActivateExtension vscode.merge-conflict {"startup":true,"extensionId":{"value":"vscode.merge-conflict","_lower":"vscode.merge-conflict"},"activationEvent":"*"}
[2020-12-27 21:47:27.820] [exthost] [info] ExtensionService#loadCommonJSModule file:///usr/share/code/resources/app/extensions/merge-conflict/dist/mergeConflictMain
[2020-12-27 21:47:27.823] [exthost] [info] ExtensionService#_doActivateExtension vscode.search-result {"startup":true,"extensionId":{"value":"vscode.search-result","_lower":"vscode.search-result"},"activationEvent":"*"}
[2020-12-27 21:47:27.823] [exthost] [info] ExtensionService#loadCommonJSModule file:///usr/share/code/resources/app/extensions/search-result/dist/extension.js
[2020-12-27 21:47:27.825] [exthost] [info] ExtensionService#_doActivateExtension ritwickdey.LiveServer {"startup":true,"extensionId":{"value":"ritwickdey.LiveServer","_lower":"ritwickdey.liveserver"},"activationEvent":"*"}
[2020-12-27 21:47:27.825] [exthost] [info] ExtensionService#loadCommonJSModule file:///home/vinay/.vscode/extensions/ritwickdey.liveserver-5.6.1/out/src/extension
[2020-12-27 21:47:28.238] [exthost] [info] ExtensionService#_doActivateExtension vscode.github {"startup":true,"extensionId":{"value":"vscode.github","_lower":"vscode.github"},"activationEvent":"*"}
[2020-12-27 21:47:28.238] [exthost] [info] ExtensionService#loadCommonJSModule file:///usr/share/code/resources/app/extensions/github/dist/extension.js
[2020-12-27 21:47:28.265] [exthost] [info] ExtensionService#_doActivateExtension ms-vscode.js-debug {"startup":false,"extensionId":{"value":"ms-vscode.js-debug","_lower":"ms-vscode.js-debug"},"activationEvent":"onCommand:extension.js-debug.clearAutoAttachVariables"}
[2020-12-27 21:47:28.265] [exthost] [info] ExtensionService#loadCommonJSModule file:///usr/share/code/resources/app/extensions/ms-vscode.js-debug/src/extension.js
[2020-12-27 21:47:28.399] [exthost] [info] eager extensions activated
[2020-12-27 21:47:28.401] [exthost] [info] ExtensionService#_doActivateExtension esbenp.prettier-vscode {"startup":false,"extensionId":{"value":"esbenp.prettier-vscode","_lower":"esbenp.prettier-vscode"},"activationEvent":"onStartupFinished"}
[2020-12-27 21:47:28.401] [exthost] [info] ExtensionService#loadCommonJSModule file:///home/vinay/.vscode/extensions/esbenp.prettier-vscode-5.8.0/dist/extension
[2020-12-27 21:47:28.578] [exthost] [info] ExtensionService#_doActivateExtension vscode.github-authentication {"startup":false,"extensionId":{"value":"vscode.github-authentication","_lower":"vscode.github-authentication"},"activationEvent":"onAuthenticationRequest:github"}
[2020-12-27 21:47:28.578] [exthost] [info] ExtensionService#loadCommonJSModule file:///usr/share/code/resources/app/extensions/github-authentication/dist/extension.js
[2020-12-27 21:47:58.227] [exthost] [info] extension host started
[2020-12-27 21:47:58.245] [exthost] [info] ExtensionService#_doActivateExtension vscode.microsoft-authentication {"startup":false,"extensionId":{"value":"vscode.microsoft-authentication","_lower":"vscode.microsoft-authentication"},"activationEvent":"onAuthenticationRequest:microsoft"}
[2020-12-27 21:47:58.246] [exthost] [info] ExtensionService#loadCommonJSModule file:///usr/share/code/resources/app/extensions/microsoft-authentication/dist/extension.js
[2020-12-27 21:47:58.251] [exthost] [info] ExtensionService#_doActivateExtension vscode.debug-auto-launch {"startup":true,"extensionId":{"value":"vscode.debug-auto-launch","_lower":"vscode.debug-auto-launch"},"activationEvent":"*"}
[2020-12-27 21:47:58.252] [exthost] [info] ExtensionService#loadCommonJSModule file:///usr/share/code/resources/app/extensions/debug-auto-launch/dist/extension
[2020-12-27 21:47:58.253] [exthost] [info] ExtensionService#_doActivateExtension vscode.emmet {"startup":true,"extensionId":{"value":"vscode.emmet","_lower":"vscode.emmet"},"activationEvent":"*"}
[2020-12-27 21:47:58.253] [exthost] [info] ExtensionService#loadCommonJSModule file:///usr/share/code/resources/app/extensions/emmet/dist/node/emmetNodeMain
[2020-12-27 21:47:58.263] [exthost] [info] ExtensionService#_doActivateExtension vscode.git {"startup":true,"extensionId":{"value":"vscode.github","_lower":"vscode.github"},"activationEvent":"*"}
[2020-12-27 21:47:58.263] [exthost] [info] ExtensionService#loadCommonJSModule file:///usr/share/code/resources/app/extensions/git/dist/main
[2020-12-27 21:47:58.274] [exthost] [info] ExtensionService#_doActivateExtension vscode.merge-conflict {"startup":true,"extensionId":{"value":"vscode.merge-conflict","_lower":"vscode.merge-conflict"},"activationEvent":"*"}
[2020-12-27 21:47:58.274] [exthost] [info] ExtensionService#loadCommonJSModule file:///usr/share/code/resources/app/extensions/merge-conflict/dist/mergeConflictMain
[2020-12-27 21:47:58.275] [exthost] [info] ExtensionService#_doActivateExtension vscode.search-result {"startup":true,"extensionId":{"value":"vscode.search-result","_lower":"vscode.search-result"},"activationEvent":"*"}
[2020-12-27 21:47:58.275] [exthost] [info] ExtensionService#loadCommonJSModule file:///usr/share/code/resources/app/extensions/search-result/dist/extension.js
[2020-12-27 21:47:58.276] [exthost] [info] ExtensionService#_doActivateExtension ritwickdey.LiveServer {"startup":true,"extensionId":{"value":"ritwickdey.LiveServer","_lower":"ritwickdey.liveserver"},"activationEvent":"*"}
[2020-12-27 21:47:58.276] [exthost] [info] ExtensionService#loadCommonJSModule file:///home/vinay/.vscode/extensions/ritwickdey.liveserver-5.6.1/out/src/extension
[2020-12-27 21:47:58.445] [exthost] [info] ExtensionService#_doActivateExtension vscode.npm {"startup":true,"extensionId":{"value":"vscode.npm","_lower":"vscode.npm"},"activationEvent":"workspaceContains:package.json"}
[2020-12-27 21:47:58.446] [exthost] [info] ExtensionService#loadCommonJSModule file:///usr/share/code/resources/app/extensions/npm/dist/npmMain
[2020-12-27 21:47:58.539] [exthost] [info] ExtensionService#_doActivateExtension vscode.github {"startup":true,"extensionId":{"value":"vscode.github","_lower":"vscode.github"},"activationEvent":"*"}
[2020-12-27 21:47:58.539] [exthost] [info] ExtensionService#loadCommonJSModule file:///usr/share/code/resources/app/extensions/github/dist/extension.js
[2020-12-27 21:47:58.620] [exthost] [info] ExtensionService#_doActivateExtension ms-vscode.js-debug {"startup":false,"extensionId":{"value":"ms-vscode.js-debug","_lower":"ms-vscode.js-debug"},"activationEvent":"onCommand:extension.js-debug.clearAutoAttachVariables"}
[2020-12-27 21:47:58.620] [exthost] [info] ExtensionService#loadCommonJSModule file:///usr/share/code/resources/app/extensions/ms-vscode.js-debug/src/extension.js
[2020-12-27 21:47:58.682] [exthost] [info] eager extensions activated
[2020-12-27 21:47:58.700] [exthost] [warning] [Decorations] CAPPING events from decorations provider vscode.git 511
[2020-12-27 21:47:58.707] [exthost] [info] ExtensionService#_doActivateExtension esbenp.prettier-vscode {"startup":false,"extensionId":{"value":"esbenp.prettier-vscode","_lower":"esbenp.prettier-vscode"},"activationEvent":"onStartupFinished"}
[2020-12-27 21:47:58.707] [exthost] [info] ExtensionService#loadCommonJSModule file:///home/vinay/.vscode/extensions/esbenp.prettier-vscode-5.8.0/dist/extension
[2020-12-27 21:47:58.968] [exthost] [info] ExtensionService#_doActivateExtension vscode.github-authentication {"startup":false,"extensionId":{"value":"vscode.github-authentication","_lower":"vscode.github-authentication"},"activationEvent":"onAuthenticationRequest:github"}
[2020-12-27 21:47:58.968] [exthost] [info] ExtensionService#loadCommonJSModule file:///usr/share/code/resources/app/extensions/github-authentication/dist/extension.js
[2020-12-27 21:48:38.625] [exthost] [info] ExtensionService#_doActivateExtension vscode.typescript-language-features {"startup":false,"extensionId":{"value":"vscode.typescript-language-features","_lower":"vscode.typescript-language-features"},"activationEvent":"onLanguage:javascript"}
[2020-12-27 21:48:38.625] [exthost] [info] ExtensionService#loadCommonJSModule file:///usr/share/code/resources/app/extensions/typescript-language-features/dist/extension
[2020-12-27 21:48:38.683] [exthost] [info] ExtensionService#_doActivateExtension wix.vscode-import-cost {"startup":false,"extensionId":{"value":"wix.vscode-import-cost","_lower":"wix.vscode-import-cost"},"activationEvent":"onLanguage:javascript"}
[2020-12-27 21:48:38.683] [exthost] [info] ExtensionService#loadCommonJSModule file:///home/vinay/.vscode/extensions/wix.vscode-import-cost-2.13.0/out/src/extension
[2020-12-27 21:48:40.700] [exthost] [warning] [Decorations] CAPPING events from decorations provider vscode.git 563
[2020-12-27 21:51:09.681] [exthost] [warning] [Decorations] CAPPING events from decorations provider vscode.git 873
[2020-12-27 21:51:15.574] [exthost] [warning] [Decorations] CAPPING events from decorations provider vscode.git 874
[2020-12-27 21:51:30.080] [exthost] [info] ExtensionService#_doActivateExtension vscode.css-language-features {"startup":false,"extensionId":{"value":"vscode.css-language-features","_lower":"vscode.css-language-features"},"activationEvent":"onLanguage:css"}
[2020-12-27 21:51:30.081] [exthost] [info] ExtensionService#loadCommonJSModule file:///usr/share/code/resources/app/extensions/css-language-features/client/dist/node/cssClientMain
[2020-12-27 21:51:34.196] [exthost] [warning] [Decorations] CAPPING events from decorations provider vscode.git 875
[2020-12-27 21:51:38.963] [exthost] [info] ExtensionService#_doActivateExtension vscode.configuration-editing {"startup":false,"extensionId":{"value":"vscode.configuration-editing","_lower":"vscode.configuration-editing"},"activationEvent":"onLanguage:jsonc"}
[2020-12-27 21:51:38.963] [exthost] [info] ExtensionService#loadCommonJSModule file:///usr/share/code/resources/app/extensions/configuration-editing/dist/configurationEditingMain
[2020-12-27 21:51:38.970] [exthost] [info] ExtensionService#_doActivateExtension vscode.json-language-features {"startup":false,"extensionId":{"value":"vscode.json-language-features","_lower":"vscode.json-language-features"},"activationEvent":"onLanguage:jsonc"}
[2020-12-27 21:51:38.970] [exthost] [info] ExtensionService#loadCommonJSModule file:///usr/share/code/resources/app/extensions/json-language-features/client/dist/node/jsonClientMain
[2020-12-27 21:51:39.278] [exthost] [warning] [Decorations] CAPPING events from decorations provider vscode.git 877
[2020-12-27 21:52:57.430] [exthost] [warning] [Decorations] CAPPING events from decorations provider vscode.git 879
[2020-12-27 21:53:02.582] [exthost] [warning] [Decorations] CAPPING events from decorations provider vscode.git 879
[2020-12-27 21:53:34.108] [exthost] [warning] [Decorations] CAPPING events from decorations provider vscode.git 879
[2020-12-27 21:53:40.749] [exthost] [warning] [Decorations] CAPPING events from decorations provider vscode.git 880
[2020-12-27 21:53:47.261] [exthost] [warning] [Decorations] CAPPING events from decorations provider vscode.git 881
[2020-12-27 21:54:09.542] [exthost] [warning] [Decorations] CAPPING events from decorations provider vscode.git 883
[2020-12-27 21:54:26.858] [exthost] [warning] [Decorations] CAPPING events from decorations provider vscode.git 883
[2020-12-27 21:54:36.767] [exthost] [warning] [Decorations] CAPPING events from decorations provider vscode.git 884
[2020-12-27 21:57:04.405] [exthost] [warning] [Decorations] CAPPING events from decorations provider vscode.git 885
[2020-12-27 21:57:09.519] [exthost] [warning] [Decorations] CAPPING events from decorations provider vscode.git 885
[2020-12-27 21:57:15.904] [exthost] [warning] [Decorations] CAPPING events from decorations provider vscode.git 885
[2020-12-27 21:57:59.609] [exthost] [warning] [Decorations] CAPPING events from decorations provider vscode.git 893
[2020-12-27 22:01:54.201] [exthost] [warning] [Decorations] CAPPING events from decorations provider vscode.git 895
[2020-12-27 22:01:59.484] [exthost] [warning] [Decorations] CAPPING events from decorations provider vscode.git 895
[2020-12-27 22:02:05.228] [exthost] [warning] [Decorations] CAPPING events from decorations provider vscode.git 895
[2020-12-27 22:02:37.854] [exthost] [info] ExtensionService#_doActivateExtension vscode.html-language-features {"startup":false,"extensionId":{"value":"vscode.html-language-features","_lower":"vscode.html-language-features"},"activationEvent":"onLanguage:html"}
[2020-12-27 22:02:37.855] [exthost] [info] ExtensionService#loadCommonJSModule file:///usr/share/code/resources/app/extensions/html-language-features/client/dist/node/htmlClientMain
[2020-12-27 22:02:37.893] [exthost] [info] ExtensionService#_doActivateExtension vscode.extension-editing {"startup":false,"extensionId":{"value":"vscode.extension-editing","_lower":"vscode.extension-editing"},"activationEvent":"onLanguage:typescript"}
[2020-12-27 22:02:37.893] [exthost] [info] ExtensionService#loadCommonJSModule file:///usr/share/code/resources/app/extensions/extension-editing/dist/extensionEditingMain
[2020-12-27 22:02:59.019] [exthost] [info] ExtensionService#_doActivateExtension Wscats.omi-snippets {"startup":false,"extensionId":{"value":"Wscats.omi-snippets","_lower":"wscats.omi-snippets"},"activationEvent":"*"}
[2020-12-27 22:02:59.019] [exthost] [info] ExtensionService#loadCommonJSModule file:///home/vinay/.vscode/extensions/wscats.omi-snippets-2.2.8/extension
[2020-12-27 22:03:20.174] [exthost] [warning] [Decorations] CAPPING events from decorations provider vscode.git 1304
[2020-12-27 22:03:35.203] [exthost] [warning] [Decorations] CAPPING events from decorations provider vscode.git 1303
[2020-12-27 22:03:43.326] [exthost] [warning] [Decorations] CAPPING events from decorations provider vscode.git 1303
[2020-12-27 22:03:50.344] [exthost] [warning] [Decorations] CAPPING events from decorations provider vscode.git 1303
[2020-12-27 22:03:58.559] [exthost] [warning] [Decorations] CAPPING events from decorations provider vscode.git 1303
[2020-12-27 22:04:06.322] [exthost] [warning] [Decorations] CAPPING events from decorations provider vscode.git 1303
[2020-12-27 22:04:11.445] [exthost] [warning] [Decorations] CAPPING events from decorations provider vscode.git 1303
[2020-12-27 22:04:16.522] [exthost] [warning] [Decorations] CAPPING events from decorations provider vscode.git 1303
[2020-12-27 22:04:21.606] [exthost] [warning] [Decorations] CAPPING events from decorations provider vscode.git 1303
[2020-12-27 22:04:26.852] [exthost] [warning] [Decorations] CAPPING events from decorations provider vscode.git 1303
[2020-12-27 22:05:23.099] [exthost] [warning] [Decorations] CAPPING events from decorations provider vscode.git 1304
[2020-12-27 22:08:27.446] [exthost] [warning] [Decorations] CAPPING events from decorations provider vscode.git 1304
[2020-12-27 22:12:30.382] [exthost] [warning] [Decorations] CAPPING events from decorations provider vscode.git 1306
[2020-12-27 22:12:35.488] [exthost] [warning] [Decorations] CAPPING events from decorations provider vscode.git 1306
[2020-12-27 22:13:03.641] [exthost] [warning] [Decorations] CAPPING events from decorations provider vscode.git 1306
[2020-12-27 22:13:08.818] [exthost] [warning] [Decorations] CAPPING events from decorations provider vscode.git 1306
[2020-12-27 22:13:13.943] [exthost] [warning] [Decorations] CAPPING events from decorations provider vscode.git 1306
[2020-12-27 22:13:19.068] [exthost] [warning] [Decorations] CAPPING events from decorations provider vscode.git 1306
[2020-12-27 22:13:24.194] [exthost] [warning] [Decorations] CAPPING events from decorations provider vscode.git 1306
[2020-12-27 22:13:43.370] [exthost] [warning] [Decorations] CAPPING events from decorations provider vscode.git 1306
[2020-12-27 22:13:50.562] [exthost] [warning] [Decorations] CAPPING events from decorations provider vscode.git 1306
[2020-12-27 22:13:56.454] [exthost] [warning] [Decorations] CAPPING events from decorations provider vscode.git 1306
[2020-12-27 22:14:02.935] [exthost] [warning] [Decorations] CAPPING events from decorations provider vscode.git 1306
[2020-12-27 22:14:08.033] [exthost] [warning] [Decorations] CAPPING events from decorations provider vscode.git 1306
[2020-12-27 22:15:14.059] [exthost] [warning] [Decorations] CAPPING events from decorations provider vscode.git 1306
[2020-12-27 22:15:56.389] [exthost] [warning] [Decorations] CAPPING events from decorations provider vscode.git 1331
[2020-12-27 22:16:01.543] [exthost] [warning] [Decorations] CAPPING events from decorations provider vscode.git 1331
[2020-12-27 22:16:06.687] [exthost] [warning] [Decorations] CAPPING events from decorations provider vscode.git 1333
[2020-12-27 22:16:30.373] [exthost] [warning] [Decorations] CAPPING events from decorations provider vscode.git 1333
[2020-12-27 22:16:35.451] [exthost] [warning] [Decorations] CAPPING events from decorations provider vscode.git 1333
[2020-12-27 22:18:12.216] [exthost] [warning] [Decorations] CAPPING events from decorations provider vscode.git 1333
[2020-12-27 22:19:24.114] [exthost] [warning] [Decorations] CAPPING events from decorations provider vscode.git 1340
[2020-12-27 22:19:44.233] [exthost] [warning] [Decorations] CAPPING events from decorations provider vscode.git 1340
[2020-12-27 22:20:23.717] [exthost] [warning] [Decorations] CAPPING events from decorations provider vscode.git 1340
[2020-12-27 22:20:39.600] [exthost] [warning] [Decorations] CAPPING events from decorations provider vscode.git 1340
[2020-12-27 22:20:44.738] [exthost] [warning] [Decorations] CAPPING events from decorations provider vscode.git 1340
[2020-12-27 22:20:56.181] [exthost] [warning] [Decorations] CAPPING events from decorations provider vscode.git 1340
[2020-12-27 22:21:02.552] [exthost] [warning] [Decorations] CAPPING events from decorations provider vscode.git 1340
[2020-12-27 22:21:07.643] [exthost] [warning] [Decorations] CAPPING events from decorations provider vscode.git 1340
[2020-12-27 22:21:12.736] [exthost] [warning] [Decorations] CAPPING events from decorations provider vscode.git 1340
[2020-12-27 22:21:17.831] [exthost] [warning] [Decorations] CAPPING events from decorations provider vscode.git 1340
[2020-12-27 22:22:26.691] [exthost] [warning] [Decorations] CAPPING events from decorations provider vscode.git 1340
[2020-12-27 22:22:31.794] [exthost] [warning] [Decorations] CAPPING events from decorations provider vscode.git 1340
[2020-12-27 22:22:36.926] [exthost] [warning] [Decorations] CAPPING events from decorations provider vscode.git 1340
[2020-12-27 22:22:42.054] [exthost] [warning] [Decorations] CAPPING events from decorations provider vscode.git 1340
[2020-12-27 22:22:47.197] [exthost] [warning] [Decorations] CAPPING events from decorations provider vscode.git 1340
[2020-12-27 22:22:52.345] [exthost] [warning] [Decorations] CAPPING events from decorations provider vscode.git 1340
[2020-12-27 22:22:57.472] [exthost] [warning] [Decorations] CAPPING events from decorations provider vscode.git 1340
[2020-12-27 22:23:02.447] [exthost] [error] [vscode.typescript-language-features] provider FAILED
[2020-12-27 22:23:02.447] [exthost] [error] Error: DisposableStore is missing...
	at H._convertCompletionItem (/usr/share/code/resources/app/out/vs/workbench/services/extensions/node/extensionHostProcess.js:765:55)
	at H.resolveCompletionItem (/usr/share/code/resources/app/out/vs/workbench/services/extensions/node/extensionHostProcess.js:764:813)
	at runMicrotasks (<anonymous>)
	at processTicksAndRejections (internal/process/task_queues.js:94:5)
[2020-12-27 22:23:02.573] [exthost] [warning] [Decorations] CAPPING events from decorations provider vscode.git 1340
[2020-12-27 22:23:07.724] [exthost] [warning] [Decorations] CAPPING events from decorations provider vscode.git 1340
[2020-12-27 22:23:33.496] [exthost] [warning] [Decorations] CAPPING events from decorations provider vscode.git 1340
[2020-12-27 22:24:49.602] [exthost] [warning] [Decorations] CAPPING events from decorations provider vscode.git 1340
[2020-12-27 22:24:54.749] [exthost] [warning] [Decorations] CAPPING events from decorations provider vscode.git 1340
[2020-12-27 22:26:13.772] [exthost] [warning] [Decorations] CAPPING events from decorations provider vscode.git 1340
[2020-12-27 22:26:51.970] [exthost] [warning] [Decorations] CAPPING events from decorations provider vscode.git 1340
[2020-12-27 22:26:57.136] [exthost] [warning] [Decorations] CAPPING events from decorations provider vscode.git 1340
[2020-12-27 22:27:08.716] [exthost] [warning] [Decorations] CAPPING events from decorations provider vscode.git 1340
[2020-12-27 22:27:14.484] [exthost] [warning] [Decorations] CAPPING events from decorations provider vscode.git 1340
[2020-12-27 22:27:19.587] [exthost] [warning] [Decorations] CAPPING events from decorations provider vscode.git 1340
[2020-12-27 22:27:24.745] [exthost] [warning] [Decorations] CAPPING events from decorations provider vscode.git 1340
[2020-12-27 22:27:29.992] [exthost] [warning] [Decorations] CAPPING events from decorations provider vscode.git 1340
[2020-12-27 22:27:35.118] [exthost] [warning] [Decorations] CAPPING events from decorations provider vscode.git 1340
[2020-12-27 22:29:01.366] [exthost] [warning] [Decorations] CAPPING events from decorations provider vscode.git 1340
[2020-12-27 22:29:06.524] [exthost] [warning] [Decorations] CAPPING events from decorations provider vscode.git 1340
[2020-12-27 22:29:13.291] [exthost] [warning] [Decorations] CAPPING events from decorations provider vscode.git 1340
[2020-12-27 22:29:18.449] [exthost] [warning] [Decorations] CAPPING events from decorations provider vscode.git 1340
[2020-12-27 22:29:23.667] [exthost] [warning] [Decorations] CAPPING events from decorations provider vscode.git 1340
[2020-12-27 22:29:28.888] [exthost] [warning] [Decorations] CAPPING events from decorations provider vscode.git 1340
[2020-12-27 22:29:36.022] [exthost] [warning] [Decorations] CAPPING events from decorations provider vscode.git 1340
[2020-12-27 22:29:41.131] [exthost] [warning] [Decorations] CAPPING events from decorations provider vscode.git 1340
[2020-12-27 22:29:46.333] [exthost] [warning] [Decorations] CAPPING events from decorations provider vscode.git 1340
[2020-12-27 22:30:28.244] [exthost] [warning] [Decorations] CAPPING events from decorations provider vscode.git 1340
[2020-12-27 22:30:58.057] [exthost] [warning] [Decorations] CAPPING events from decorations provider vscode.git 1340
[2020-12-27 22:31:03.186] [exthost] [warning] [Decorations] CAPPING events from decorations provider vscode.git 1340
[2020-12-27 22:31:08.311] [exthost] [warning] [Decorations] CAPPING events from decorations provider vscode.git 1340
[2020-12-27 22:31:13.387] [exthost] [warning] [Decorations] CAPPING events from decorations provider vscode.git 1340
[2020-12-27 22:31:29.039] [exthost] [warning] [Decorations] CAPPING events from decorations provider vscode.git 1340
[2020-12-27 22:32:17.977] [exthost] [warning] [Decorations] CAPPING events from decorations provider vscode.git 1340
[2020-12-27 22:32:23.095] [exthost] [warning] [Decorations] CAPPING events from decorations provider vscode.git 1340
[2020-12-27 22:32:30.959] [exthost] [warning] [Decorations] CAPPING events from decorations provider vscode.git 1340
[2020-12-27 22:32:36.125] [exthost] [warning] [Decorations] CAPPING events from decorations provider vscode.git 1340
[2020-12-27 22:32:41.240] [exthost] [warning] [Decorations] CAPPING events from decorations provider vscode.git 1340
[2020-12-27 22:33:04.847] [exthost] [warning] [Decorations] CAPPING events from decorations provider vscode.git 1340
[2020-12-27 22:33:33.058] [exthost] [error] [vscode.typescript-language-features] provider FAILED
[2020-12-27 22:33:33.061] [exthost] [error] Error: <semantic> TypeScript Server Error (4.1.2)
Debug Failure. False expression: `JsxText` tokens should not be the first child of `JsxElement | JsxSelfClosingElement`
Error: Debug Failure. False expression: `JsxText` tokens should not be the first child of `JsxElement | JsxSelfClosingElement`
    at findRightmostChildNodeWithTokens (/usr/share/code/resources/app/extensions/node_modules/typescript/lib/tsserver.js:114350:26)
    at find (/usr/share/code/resources/app/extensions/node_modules/typescript/lib/tsserver.js:114324:29)
    at findPrecedingToken (/usr/share/code/resources/app/extensions/node_modules/typescript/lib/tsserver.js:114274:22)
    at getTokenAtPositionWorker (/usr/share/code/resources/app/extensions/node_modules/typescript/lib/tsserver.js:114224:41)
    at getTouchingToken (/usr/share/code/resources/app/extensions/node_modules/typescript/lib/tsserver.js:114198:16)
    at Object.getTouchingPropertyName (/usr/share/code/resources/app/extensions/node_modules/typescript/lib/tsserver.js:114190:16)
    at Proxy.getQuickInfoAtPosition (/usr/share/code/resources/app/extensions/node_modules/typescript/lib/tsserver.js:146734:27)
    at IOSession.Session.getQuickInfoWorker (/usr/share/code/resources/app/extensions/node_modules/typescript/lib/tsserver.js:157539:62)
    at Session.handlers.ts.Map.ts.getEntries._a.<computed> (/usr/share/code/resources/app/extensions/node_modules/typescript/lib/tsserver.js:156478:61)
    at /usr/share/code/resources/app/extensions/node_modules/typescript/lib/tsserver.js:158276:88
    at IOSession.Session.executeWithRequestId (/usr/share/code/resources/app/extensions/node_modules/typescript/lib/tsserver.js:158267:28)
    at IOSession.Session.executeCommand (/usr/share/code/resources/app/extensions/node_modules/typescript/lib/tsserver.js:158276:33)
    at IOSession.Session.onMessage (/usr/share/code/resources/app/extensions/node_modules/typescript/lib/tsserver.js:158300:35)
    at Interface.<anonymous> (/usr/share/code/resources/app/extensions/node_modules/typescript/lib/tsserver.js:160510:27)
    at Interface.emit (events.js:223:5)
    at Interface._onLine (readline.js:315:10)
    at Interface._normalWrite (readline.js:460:12)
    at Socket.ondata (readline.js:172:10)
    at Socket.emit (events.js:223:5)
    at addChunk (_stream_readable.js:309:12)
    at readableAddChunk (_stream_readable.js:290:11)
    at Socket.Readable.push (_stream_readable.js:224:10)
    at Pipe.onStreamRead (internal/stream_base_commons.js:181:23)
	at Function.create (/usr/share/code/resources/app/extensions/typescript-language-features/dist/extension.js:1:76778)
	at dispatchResponse (/usr/share/code/resources/app/extensions/typescript-language-features/dist/extension.js:1:70653)
	at dispatchMessage (/usr/share/code/resources/app/extensions/typescript-language-features/dist/extension.js:1:69512)
	at /usr/share/code/resources/app/extensions/typescript-language-features/dist/extension.js:1:69022
	at l.fire (/usr/share/code/resources/app/out/vs/workbench/services/extensions/node/extensionHostProcess.js:46:801)
	at g.onLengthData (/usr/share/code/resources/app/extensions/typescript-language-features/dist/extension.js:45:60018)
	at Socket.<anonymous> (/usr/share/code/resources/app/extensions/typescript-language-features/dist/extension.js:45:59666)
	at Socket.emit (events.js:223:5)
	at addChunk (_stream_readable.js:309:12)
	at readableAddChunk (_stream_readable.js:290:11)
	at Socket.Readable.push (_stream_readable.js:224:10)
	at Pipe.onStreamRead (internal/stream_base_commons.js:181:23)
[2020-12-27 22:33:40.668] [exthost] [warning] [Decorations] CAPPING events from decorations provider vscode.git 1340
[2020-12-27 22:33:45.778] [exthost] [warning] [Decorations] CAPPING events from decorations provider vscode.git 1340
[2020-12-27 22:33:50.973] [exthost] [warning] [Decorations] CAPPING events from decorations provider vscode.git 1340
[2020-12-27 22:34:44.916] [exthost] [warning] [Decorations] CAPPING events from decorations provider vscode.git 1340
[2020-12-27 22:35:02.916] [exthost] [warning] [Decorations] CAPPING events from decorations provider vscode.git 1340
[2020-12-27 22:36:06.701] [exthost] [warning] [Decorations] CAPPING events from decorations provider vscode.git 1340
[2020-12-27 22:36:24.979] [exthost] [warning] [Decorations] CAPPING events from decorations provider vscode.git 1340
[2020-12-27 22:36:30.407] [exthost] [warning] [Decorations] CAPPING events from decorations provider vscode.git 1340
[2020-12-27 22:36:37.460] [exthost] [warning] [Decorations] CAPPING events from decorations provider vscode.git 1340
[2020-12-27 22:36:44.865] [exthost] [warning] [Decorations] CAPPING events from decorations provider vscode.git 1340
[2020-12-27 22:37:36.341] [exthost] [warning] [Decorations] CAPPING events from decorations provider vscode.git 1340
[2020-12-27 22:37:42.449] [exthost] [warning] [Decorations] CAPPING events from decorations provider vscode.git 1340
[2020-12-27 22:37:47.541] [exthost] [warning] [Decorations] CAPPING events from decorations provider vscode.git 1340
[2020-12-27 22:37:52.632] [exthost] [warning] [Decorations] CAPPING events from decorations provider vscode.git 1340
[2020-12-27 22:37:57.717] [exthost] [warning] [Decorations] CAPPING events from decorations provider vscode.git 1340
[2020-12-27 22:38:02.842] [exthost] [warning] [Decorations] CAPPING events from decorations provider vscode.git 1340
[2020-12-27 22:38:09.920] [exthost] [warning] [Decorations] CAPPING events from decorations provider vscode.git 1340
[2020-12-27 22:38:19.417] [exthost] [warning] [Decorations] CAPPING events from decorations provider vscode.git 1340
[2020-12-27 22:38:30.591] [exthost] [warning] [Decorations] CAPPING events from decorations provider vscode.git 1340
[2020-12-27 22:38:35.721] [exthost] [warning] [Decorations] CAPPING events from decorations provider vscode.git 1340
[2020-12-27 22:38:40.820] [exthost] [warning] [Decorations] CAPPING events from decorations provider vscode.git 1340
[2020-12-27 22:38:50.685] [exthost] [warning] [Decorations] CAPPING events from decorations provider vscode.git 1340
[2020-12-27 22:38:55.811] [exthost] [warning] [Decorations] CAPPING events from decorations provider vscode.git 1340
[2020-12-27 22:39:08.086] [exthost] [warning] [Decorations] CAPPING events from decorations provider vscode.git 1340
[2020-12-27 22:39:13.176] [exthost] [warning] [Decorations] CAPPING events from decorations provider vscode.git 1340
[2020-12-27 22:39:18.322] [exthost] [warning] [Decorations] CAPPING events from decorations provider vscode.git 1340
[2020-12-27 22:39:43.430] [exthost] [warning] [Decorations] CAPPING events from decorations provider vscode.git 1340
[2020-12-27 22:39:48.523] [exthost] [warning] [Decorations] CAPPING events from decorations provider vscode.git 1340
[2020-12-27 22:39:53.623] [exthost] [warning] [Decorations] CAPPING events from decorations provider vscode.git 1340
[2020-12-27 22:39:58.866] [exthost] [warning] [Decorations] CAPPING events from decorations provider vscode.git 1340
[2020-12-27 22:40:28.052] [exthost] [warning] [Decorations] CAPPING events from decorations provider vscode.git 1340
[2020-12-27 22:40:33.230] [exthost] [warning] [Decorations] CAPPING events from decorations provider vscode.git 1340
[2020-12-27 22:40:38.382] [exthost] [warning] [Decorations] CAPPING events from decorations provider vscode.git 1340
[2020-12-27 22:40:43.537] [exthost] [warning] [Decorations] CAPPING events from decorations provider vscode.git 1340
[2020-12-27 22:41:32.865] [exthost] [warning] [Decorations] CAPPING events from decorations provider vscode.git 1340
[2020-12-27 22:41:38.997] [exthost] [warning] [Decorations] CAPPING events from decorations provider vscode.git 1340
[2020-12-27 22:41:44.181] [exthost] [warning] [Decorations] CAPPING events from decorations provider vscode.git 1340
[2020-12-27 22:41:49.340] [exthost] [warning] [Decorations] CAPPING events from decorations provider vscode.git 1340
[2020-12-27 22:41:54.533] [exthost] [warning] [Decorations] CAPPING events from decorations provider vscode.git 1340
[2020-12-27 22:44:46.362] [exthost] [warning] [Decorations] CAPPING events from decorations provider vscode.git 1340
[2020-12-27 22:44:58.502] [exthost] [warning] [Decorations] CAPPING events from decorations provider vscode.git 1340
[2020-12-27 22:45:03.957] [exthost] [warning] [Decorations] CAPPING events from decorations provider vscode.git 1340
[2020-12-27 22:45:09.091] [exthost] [warning] [Decorations] CAPPING events from decorations provider vscode.git 1340
[2020-12-27 22:45:36.405] [exthost] [warning] [Decorations] CAPPING events from decorations provider vscode.git 1340
[2020-12-27 22:45:41.934] [exthost] [warning] [Decorations] CAPPING events from decorations provider vscode.git 1340
[2020-12-27 22:45:47.041] [exthost] [warning] [Decorations] CAPPING events from decorations provider vscode.git 1340
[2020-12-27 22:45:56.917] [exthost] [warning] [Decorations] CAPPING events from decorations provider vscode.git 1340
[2020-12-27 22:46:20.364] [exthost] [warning] [Decorations] CAPPING events from decorations provider vscode.git 1340
[2020-12-27 22:46:25.947] [exthost] [warning] [Decorations] CAPPING events from decorations provider vscode.git 1340
[2020-12-27 22:46:31.491] [exthost] [warning] [Decorations] CAPPING events from decorations provider vscode.git 1340
[2020-12-27 22:46:49.985] [exthost] [warning] [Decorations] CAPPING events from decorations provider vscode.git 1340
[2020-12-27 22:48:25.007] [exthost] [warning] [Decorations] CAPPING events from decorations provider vscode.git 1340
[2020-12-27 22:48:30.183] [exthost] [warning] [Decorations] CAPPING events from decorations provider vscode.git 1340
[2020-12-27 22:48:35.375] [exthost] [warning] [Decorations] CAPPING events from decorations provider vscode.git 1340
[2020-12-27 22:49:04.966] [exthost] [warning] [Decorations] CAPPING events from decorations provider vscode.git 1340
[2020-12-27 22:49:13.630] [exthost] [warning] [Decorations] CAPPING events from decorations provider vscode.git 1340
[2020-12-27 22:49:18.761] [exthost] [warning] [Decorations] CAPPING events from decorations provider vscode.git 1340
[2020-12-27 22:49:23.945] [exthost] [warning] [Decorations] CAPPING events from decorations provider vscode.git 1340
[2020-12-27 22:49:29.165] [exthost] [warning] [Decorations] CAPPING events from decorations provider vscode.git 1340
[2020-12-27 22:50:02.657] [exthost] [warning] [Decorations] CAPPING events from decorations provider vscode.git 1340
[2020-12-27 22:50:07.824] [exthost] [warning] [Decorations] CAPPING events from decorations provider vscode.git 1340
[2020-12-27 22:51:11.818] [exthost] [warning] [Decorations] CAPPING events from decorations provider vscode.git 1340
[2020-12-27 22:51:21.146] [exthost] [warning] [Decorations] CAPPING events from decorations provider vscode.git 1340
[2020-12-27 22:51:26.406] [exthost] [warning] [Decorations] CAPPING events from decorations provider vscode.git 1340
[2020-12-27 22:51:31.593] [exthost] [warning] [Decorations] CAPPING events from decorations provider vscode.git 1340
[2020-12-27 22:51:36.738] [exthost] [warning] [Decorations] CAPPING events from decorations provider vscode.git 1340
[2020-12-27 22:51:41.830] [exthost] [warning] [Decorations] CAPPING events from decorations provider vscode.git 1340
[2020-12-27 22:51:47.048] [exthost] [warning] [Decorations] CAPPING events from decorations provider vscode.git 1340
[2020-12-27 22:51:52.160] [exthost] [warning] [Decorations] CAPPING events from decorations provider vscode.git 1340
[2020-12-27 22:51:57.353] [exthost] [warning] [Decorations] CAPPING events from decorations provider vscode.git 1340
[2020-12-27 22:52:02.763] [exthost] [warning] [Decorations] CAPPING events from decorations provider vscode.git 1340
[2020-12-27 22:52:10.302] [exthost] [warning] [Decorations] CAPPING events from decorations provider vscode.git 1340
[2020-12-27 22:52:15.468] [exthost] [warning] [Decorations] CAPPING events from decorations provider vscode.git 1340
[2020-12-27 22:52:34.435] [exthost] [warning] [Decorations] CAPPING events from decorations provider vscode.git 1340
[2020-12-27 22:52:39.581] [exthost] [warning] [Decorations] CAPPING events from decorations provider vscode.git 1340
[2020-12-27 22:53:36.397] [exthost] [warning] [Decorations] CAPPING events from decorations provider vscode.git 1340
[2020-12-27 22:53:41.503] [exthost] [warning] [Decorations] CAPPING events from decorations provider vscode.git 1340
[2020-12-27 22:53:46.587] [exthost] [warning] [Decorations] CAPPING events from decorations provider vscode.git 1340
[2020-12-27 22:53:51.752] [exthost] [warning] [Decorations] CAPPING events from decorations provider vscode.git 1340
[2020-12-27 22:53:56.899] [exthost] [warning] [Decorations] CAPPING events from decorations provider vscode.git 1340
[2020-12-27 22:54:02.158] [exthost] [warning] [Decorations] CAPPING events from decorations provider vscode.git 1340
[2020-12-27 22:54:25.537] [exthost] [warning] [Decorations] CAPPING events from decorations provider vscode.git 1340
[2020-12-27 22:54:32.438] [exthost] [warning] [Decorations] CAPPING events from decorations provider vscode.git 1340
[2020-12-27 22:54:36.882] [exthost] [error] [vscode.typescript-language-features] provider FAILED
[2020-12-27 22:54:36.882] [exthost] [error] Error: DisposableStore is missing...
	at H._convertCompletionItem (/usr/share/code/resources/app/out/vs/workbench/services/extensions/node/extensionHostProcess.js:765:55)
	at H.resolveCompletionItem (/usr/share/code/resources/app/out/vs/workbench/services/extensions/node/extensionHostProcess.js:764:813)
	at runMicrotasks (<anonymous>)
	at processTicksAndRejections (internal/process/task_queues.js:94:5)
[2020-12-27 22:54:37.591] [exthost] [warning] [Decorations] CAPPING events from decorations provider vscode.git 1341
[2020-12-27 22:54:42.827] [exthost] [warning] [Decorations] CAPPING events from decorations provider vscode.git 1341
[2020-12-27 22:54:47.991] [exthost] [warning] [Decorations] CAPPING events from decorations provider vscode.git 1340
[2020-12-27 22:55:19.073] [exthost] [warning] [Decorations] CAPPING events from decorations provider vscode.git 1340
[2020-12-27 22:55:24.191] [exthost] [warning] [Decorations] CAPPING events from decorations provider vscode.git 1340
[2020-12-27 22:55:36.356] [exthost] [warning] [Decorations] CAPPING events from decorations provider vscode.git 1340
[2020-12-27 22:55:42.748] [exthost] [warning] [Decorations] CAPPING events from decorations provider vscode.git 1340
[2020-12-27 22:55:47.932] [exthost] [warning] [Decorations] CAPPING events from decorations provider vscode.git 1340
[2020-12-27 22:55:53.204] [exthost] [warning] [Decorations] CAPPING events from decorations provider vscode.git 1340
[2020-12-27 22:55:58.542] [exthost] [warning] [Decorations] CAPPING events from decorations provider vscode.git 1340
[2020-12-27 22:56:03.795] [exthost] [warning] [Decorations] CAPPING events from decorations provider vscode.git 1340
[2020-12-27 22:56:09.001] [exthost] [warning] [Decorations] CAPPING events from decorations provider vscode.git 1340
[2020-12-27 22:56:27.005] [exthost] [warning] [Decorations] CAPPING events from decorations provider vscode.git 1340
[2020-12-27 22:56:32.154] [exthost] [warning] [Decorations] CAPPING events from decorations provider vscode.git 1340
[2020-12-27 22:56:37.309] [exthost] [warning] [Decorations] CAPPING events from decorations provider vscode.git 1340
[2020-12-27 22:57:22.967] [exthost] [warning] [Decorations] CAPPING events from decorations provider vscode.git 1340
[2020-12-27 22:57:28.104] [exthost] [warning] [Decorations] CAPPING events from decorations provider vscode.git 1340
[2020-12-27 22:58:02.460] [exthost] [warning] [Decorations] CAPPING events from decorations provider vscode.git 1340
[2020-12-27 22:58:07.667] [exthost] [warning] [Decorations] CAPPING events from decorations provider vscode.git 1340
[2020-12-27 22:58:15.359] [exthost] [warning] [Decorations] CAPPING events from decorations provider vscode.git 1340
[2020-12-27 22:58:20.642] [exthost] [warning] [Decorations] CAPPING events from decorations provider vscode.git 1340
[2020-12-27 22:59:23.352] [exthost] [warning] [Decorations] CAPPING events from decorations provider vscode.git 1340
[2020-12-27 22:59:30.611] [exthost] [warning] [Decorations] CAPPING events from decorations provider vscode.git 1340
[2020-12-27 22:59:35.789] [exthost] [warning] [Decorations] CAPPING events from decorations provider vscode.git 1340
[2020-12-27 22:59:40.975] [exthost] [warning] [Decorations] CAPPING events from decorations provider vscode.git 1340
[2020-12-27 22:59:48.306] [exthost] [warning] [Decorations] CAPPING events from decorations provider vscode.git 1340
[2020-12-27 22:59:53.824] [exthost] [warning] [Decorations] CAPPING events from decorations provider vscode.git 1340
[2020-12-27 23:01:17.861] [exthost] [warning] [Decorations] CAPPING events from decorations provider vscode.git 1340
[2020-12-27 23:01:29.542] [exthost] [warning] [Decorations] CAPPING events from decorations provider vscode.git 1340
[2020-12-27 23:01:34.733] [exthost] [warning] [Decorations] CAPPING events from decorations provider vscode.git 1340
[2020-12-27 23:02:19.889] [exthost] [warning] [Decorations] CAPPING events from decorations provider vscode.git 1340
[2020-12-27 23:02:28.915] [exthost] [warning] [Decorations] CAPPING events from decorations provider vscode.git 1341
[2020-12-27 23:02:34.034] [exthost] [warning] [Decorations] CAPPING events from decorations provider vscode.git 1341
[2020-12-27 23:02:56.229] [exthost] [warning] [Decorations] CAPPING events from decorations provider vscode.git 1341
[2020-12-27 23:03:01.378] [exthost] [warning] [Decorations] CAPPING events from decorations provider vscode.git 1341
[2020-12-27 23:03:06.490] [exthost] [warning] [Decorations] CAPPING events from decorations provider vscode.git 1341
[2020-12-27 23:03:19.588] [exthost] [warning] [Decorations] CAPPING events from decorations provider vscode.git 1341
[2020-12-27 23:03:24.687] [exthost] [warning] [Decorations] CAPPING events from decorations provider vscode.git 1341
[2020-12-27 23:03:29.777] [exthost] [warning] [Decorations] CAPPING events from decorations provider vscode.git 1341
[2020-12-27 23:03:49.010] [exthost] [warning] [Decorations] CAPPING events from decorations provider vscode.git 1342
[2020-12-27 23:05:27.903] [exthost] [warning] [Decorations] CAPPING events from decorations provider vscode.git 1342
[2020-12-27 23:05:33.022] [exthost] [warning] [Decorations] CAPPING events from decorations provider vscode.git 1342
[2020-12-27 23:05:38.161] [exthost] [warning] [Decorations] CAPPING events from decorations provider vscode.git 1342
[2020-12-27 23:05:43.320] [exthost] [warning] [Decorations] CAPPING events from decorations provider vscode.git 1342
[2020-12-27 23:05:56.369] [exthost] [warning] [Decorations] CAPPING events from decorations provider vscode.git 1342
[2020-12-27 23:06:01.538] [exthost] [warning] [Decorations] CAPPING events from decorations provider vscode.git 1342
[2020-12-27 23:06:54.241] [exthost] [warning] [Decorations] CAPPING events from decorations provider vscode.git 1342
[2020-12-27 23:06:59.369] [exthost] [warning] [Decorations] CAPPING events from decorations provider vscode.git 1342
[2020-12-27 23:07:04.462] [exthost] [warning] [Decorations] CAPPING events from decorations provider vscode.git 1342
[2020-12-27 23:07:09.562] [exthost] [warning] [Decorations] CAPPING events from decorations provider vscode.git 1342
[2020-12-27 23:07:14.810] [exthost] [warning] [Decorations] CAPPING events from decorations provider vscode.git 1342
[2020-12-27 23:07:19.935] [exthost] [warning] [Decorations] CAPPING events from decorations provider vscode.git 1342
[2020-12-27 23:07:27.678] [exthost] [warning] [Decorations] CAPPING events from decorations provider vscode.git 1342
[2020-12-27 23:07:33.022] [exthost] [warning] [Decorations] CAPPING events from decorations provider vscode.git 1342
[2020-12-27 23:07:38.128] [exthost] [warning] [Decorations] CAPPING events from decorations provider vscode.git 1342
[2020-12-27 23:07:43.216] [exthost] [warning] [Decorations] CAPPING events from decorations provider vscode.git 1342
[2020-12-27 23:07:48.309] [exthost] [warning] [Decorations] CAPPING events from decorations provider vscode.git 1342
[2020-12-27 23:08:09.762] [exthost] [warning] [Decorations] CAPPING events from decorations provider vscode.git 1342
[2020-12-27 23:08:33.029] [exthost] [warning] [Decorations] CAPPING events from decorations provider vscode.git 1342
[2020-12-27 23:08:50.955] [exthost] [warning] [Decorations] CAPPING events from decorations provider vscode.git 1342
[2020-12-27 23:08:58.949] [exthost] [warning] [Decorations] CAPPING events from decorations provider vscode.git 1342
[2020-12-27 23:11:26.800] [exthost] [warning] [Decorations] CAPPING events from decorations provider vscode.git 1342
[2020-12-27 23:12:13.913] [exthost] [warning] [Decorations] CAPPING events from decorations provider vscode.git 1342
[2020-12-27 23:12:19.080] [exthost] [warning] [Decorations] CAPPING events from decorations provider vscode.git 1342
[2020-12-27 23:12:24.290] [exthost] [warning] [Decorations] CAPPING events from decorations provider vscode.git 1342
[2020-12-27 23:12:29.462] [exthost] [warning] [Decorations] CAPPING events from decorations provider vscode.git 1342
[2020-12-27 23:12:34.606] [exthost] [warning] [Decorations] CAPPING events from decorations provider vscode.git 1342
[2020-12-27 23:13:02.976] [exthost] [warning] [Decorations] CAPPING events from decorations provider vscode.git 1342
[2020-12-27 23:13:08.124] [exthost] [warning] [Decorations] CAPPING events from decorations provider vscode.git 1342
[2020-12-27 23:13:13.353] [exthost] [warning] [Decorations] CAPPING events from decorations provider vscode.git 1342
[2020-12-27 23:13:18.537] [exthost] [warning] [Decorations] CAPPING events from decorations provider vscode.git 1342
[2020-12-27 23:13:38.899] [exthost] [warning] [Decorations] CAPPING events from decorations provider vscode.git 1342
[2020-12-27 23:13:54.866] [exthost] [warning] [Decorations] CAPPING events from decorations provider vscode.git 1342
[2020-12-27 23:14:06.034] [exthost] [warning] [Decorations] CAPPING events from decorations provider vscode.git 1342
[2020-12-27 23:14:11.189] [exthost] [warning] [Decorations] CAPPING events from decorations provider vscode.git 1342
[2020-12-27 23:14:16.328] [exthost] [warning] [Decorations] CAPPING events from decorations provider vscode.git 1342
[2020-12-27 23:14:21.522] [exthost] [warning] [Decorations] CAPPING events from decorations provider vscode.git 1342
[2020-12-27 23:14:47.874] [exthost] [warning] [Decorations] CAPPING events from decorations provider vscode.git 1342
[2020-12-27 23:14:53.010] [exthost] [warning] [Decorations] CAPPING events from decorations provider vscode.git 1342
[2020-12-27 23:15:12.240] [exthost] [warning] [Decorations] CAPPING events from decorations provider vscode.git 1342
[2020-12-27 23:15:17.447] [exthost] [warning] [Decorations] CAPPING events from decorations provider vscode.git 1342
[2020-12-27 23:15:22.554] [exthost] [warning] [Decorations] CAPPING events from decorations provider vscode.git 1342
[2020-12-27 23:15:27.675] [exthost] [warning] [Decorations] CAPPING events from decorations provider vscode.git 1342
[2020-12-27 23:15:37.933] [exthost] [warning] [Decorations] CAPPING events from decorations provider vscode.git 1342
[2020-12-27 23:15:44.569] [exthost] [warning] [Decorations] CAPPING events from decorations provider vscode.git 1342
[2020-12-27 23:15:51.849] [exthost] [warning] [Decorations] CAPPING events from decorations provider vscode.git 1342
[2020-12-27 23:15:58.438] [exthost] [warning] [Decorations] CAPPING events from decorations provider vscode.git 1342
[2020-12-27 23:16:03.613] [exthost] [warning] [Decorations] CAPPING events from decorations provider vscode.git 1342
[2020-12-27 23:16:09.327] [exthost] [warning] [Decorations] CAPPING events from decorations provider vscode.git 1342
[2020-12-27 23:16:23.889] [exthost] [warning] [Decorations] CAPPING events from decorations provider vscode.git 1342
[2020-12-27 23:16:29.125] [exthost] [warning] [Decorations] CAPPING events from decorations provider vscode.git 1342
[2020-12-27 23:16:34.232] [exthost] [warning] [Decorations] CAPPING events from decorations provider vscode.git 1342
[2020-12-27 23:16:39.396] [exthost] [warning] [Decorations] CAPPING events from decorations provider vscode.git 1342
[2020-12-27 23:16:46.744] [exthost] [warning] [Decorations] CAPPING events from decorations provider vscode.git 1342
[2020-12-27 23:16:53.939] [exthost] [warning] [Decorations] CAPPING events from decorations provider vscode.git 1342
[2020-12-27 23:16:59.062] [exthost] [warning] [Decorations] CAPPING events from decorations provider vscode.git 1342
[2020-12-27 23:17:31.301] [exthost] [warning] [Decorations] CAPPING events from decorations provider vscode.git 1342
[2020-12-27 23:17:36.548] [exthost] [warning] [Decorations] CAPPING events from decorations provider vscode.git 1342
[2020-12-27 23:17:41.663] [exthost] [warning] [Decorations] CAPPING events from decorations provider vscode.git 1342
[2020-12-27 23:17:46.839] [exthost] [warning] [Decorations] CAPPING events from decorations provider vscode.git 1342
[2020-12-27 23:17:51.940] [exthost] [warning] [Decorations] CAPPING events from decorations provider vscode.git 1342
[2020-12-27 23:18:01.364] [exthost] [warning] [Decorations] CAPPING events from decorations provider vscode.git 1342
[2020-12-27 23:18:12.477] [exthost] [warning] [Decorations] CAPPING events from decorations provider vscode.git 1342
[2020-12-27 23:18:23.239] [exthost] [warning] [Decorations] CAPPING events from decorations provider vscode.git 1342
[2020-12-27 23:18:30.462] [exthost] [warning] [Decorations] CAPPING events from decorations provider vscode.git 1342
[2020-12-27 23:18:45.332] [exthost] [warning] [Decorations] CAPPING events from decorations provider vscode.git 1342
[2020-12-27 23:18:58.938] [exthost] [warning] [Decorations] CAPPING events from decorations provider vscode.git 1342
[2020-12-27 23:19:04.095] [exthost] [warning] [Decorations] CAPPING events from decorations provider vscode.git 1342
[2020-12-27 23:19:09.208] [exthost] [warning] [Decorations] CAPPING events from decorations provider vscode.git 1342
[2020-12-27 23:19:15.119] [exthost] [warning] [Decorations] CAPPING events from decorations provider vscode.git 1342
[2020-12-27 23:19:23.794] [exthost] [warning] [Decorations] CAPPING events from decorations provider vscode.git 1342
[2020-12-27 23:19:28.906] [exthost] [warning] [Decorations] CAPPING events from decorations provider vscode.git 1342
[2020-12-27 23:19:36.687] [exthost] [warning] [Decorations] CAPPING events from decorations provider vscode.git 1342
[2020-12-27 23:19:54.282] [exthost] [warning] [Decorations] CAPPING events from decorations provider vscode.git 1342
[2020-12-27 23:20:01.144] [exthost] [warning] [Decorations] CAPPING events from decorations provider vscode.git 1342
[2020-12-27 23:20:06.408] [exthost] [warning] [Decorations] CAPPING events from decorations provider vscode.git 1342
[2020-12-27 23:22:13.329] [exthost] [warning] [Decorations] CAPPING events from decorations provider vscode.git 1342
[2020-12-27 23:22:42.197] [exthost] [warning] [Decorations] CAPPING events from decorations provider vscode.git 1342
[2020-12-27 23:22:47.319] [exthost] [warning] [Decorations] CAPPING events from decorations provider vscode.git 1342
[2020-12-27 23:22:52.442] [exthost] [warning] [Decorations] CAPPING events from decorations provider vscode.git 1342
[2020-12-27 23:22:57.545] [exthost] [warning] [Decorations] CAPPING events from decorations provider vscode.git 1342
[2020-12-27 23:23:02.628] [exthost] [warning] [Decorations] CAPPING events from decorations provider vscode.git 1342
[2020-12-27 23:23:07.857] [exthost] [warning] [Decorations] CAPPING events from decorations provider vscode.git 1342
[2020-12-27 23:23:12.994] [exthost] [warning] [Decorations] CAPPING events from decorations provider vscode.git 1342
[2020-12-27 23:23:18.168] [exthost] [warning] [Decorations] CAPPING events from decorations provider vscode.git 1342
[2020-12-27 23:23:29.405] [exthost] [warning] [Decorations] CAPPING events from decorations provider vscode.git 1342
[2020-12-27 23:23:47.126] [exthost] [warning] [Decorations] CAPPING events from decorations provider vscode.git 1342
[2020-12-27 23:23:53.718] [exthost] [warning] [Decorations] CAPPING events from decorations provider vscode.git 1342
[2020-12-27 23:24:00.391] [exthost] [warning] [Decorations] CAPPING events from decorations provider vscode.git 1342
[2020-12-27 23:24:19.463] [exthost] [warning] [Decorations] CAPPING events from decorations provider vscode.git 1342
[2020-12-27 23:24:24.602] [exthost] [warning] [Decorations] CAPPING events from decorations provider vscode.git 1342
[2020-12-27 23:24:34.682] [exthost] [warning] [Decorations] CAPPING events from decorations provider vscode.git 1343
[2020-12-27 23:24:44.489] [exthost] [warning] [Decorations] CAPPING events from decorations provider vscode.git 1343
[2020-12-27 23:25:11.164] [exthost] [warning] [Decorations] CAPPING events from decorations provider vscode.git 1343
[2020-12-27 23:25:16.362] [exthost] [warning] [Decorations] CAPPING events from decorations provider vscode.git 1343
[2020-12-27 23:25:21.463] [exthost] [warning] [Decorations] CAPPING events from decorations provider vscode.git 1343
[2020-12-27 23:25:26.561] [exthost] [warning] [Decorations] CAPPING events from decorations provider vscode.git 1343
[2020-12-27 23:25:31.741] [exthost] [warning] [Decorations] CAPPING events from decorations provider vscode.git 1343
[2020-12-27 23:25:43.346] [exthost] [warning] [Decorations] CAPPING events from decorations provider vscode.git 1343
[2020-12-27 23:25:52.427] [exthost] [warning] [Decorations] CAPPING events from decorations provider vscode.git 1344
[2020-12-27 23:26:36.249] [exthost] [warning] [Decorations] CAPPING events from decorations provider vscode.git 1344
[2020-12-27 23:26:41.416] [exthost] [warning] [Decorations] CAPPING events from decorations provider vscode.git 1344
[2020-12-27 23:26:46.525] [exthost] [warning] [Decorations] CAPPING events from decorations provider vscode.git 1344
[2020-12-27 23:28:02.209] [exthost] [warning] [Decorations] CAPPING events from decorations provider vscode.git 1344
[2020-12-27 23:28:23.812] [exthost] [warning] [Decorations] CAPPING events from decorations provider vscode.git 1344
[2020-12-27 23:28:33.667] [exthost] [warning] [Decorations] CAPPING events from decorations provider vscode.git 1344
[2020-12-27 23:28:38.826] [exthost] [warning] [Decorations] CAPPING events from decorations provider vscode.git 1344
[2020-12-27 23:28:43.956] [exthost] [warning] [Decorations] CAPPING events from decorations provider vscode.git 1344
[2020-12-27 23:28:57.196] [exthost] [warning] [Decorations] CAPPING events from decorations provider vscode.git 1344
[2020-12-27 23:29:02.334] [exthost] [warning] [Decorations] CAPPING events from decorations provider vscode.git 1344
[2020-12-27 23:29:07.434] [exthost] [warning] [Decorations] CAPPING events from decorations provider vscode.git 1344
[2020-12-27 23:29:12.678] [exthost] [warning] [Decorations] CAPPING events from decorations provider vscode.git 1344
[2020-12-27 23:29:37.801] [exthost] [warning] [Decorations] CAPPING events from decorations provider vscode.git 1344
[2020-12-27 23:29:42.922] [exthost] [warning] [Decorations] CAPPING events from decorations provider vscode.git 1344
[2020-12-27 23:29:48.191] [exthost] [warning] [Decorations] CAPPING events from decorations provider vscode.git 1344
[2020-12-27 23:30:06.657] [exthost] [warning] [Decorations] CAPPING events from decorations provider vscode.git 1344
[2020-12-27 23:30:11.777] [exthost] [warning] [Decorations] CAPPING events from decorations provider vscode.git 1344
[2020-12-27 23:30:19.561] [exthost] [warning] [Decorations] CAPPING events from decorations provider vscode.git 1344
[2020-12-27 23:30:27.775] [exthost] [warning] [Decorations] CAPPING events from decorations provider vscode.git 1344
[2020-12-27 23:30:57.675] [exthost] [warning] [Decorations] CAPPING events from decorations provider vscode.git 1344
[2020-12-27 23:31:40.812] [exthost] [warning] [Decorations] CAPPING events from decorations provider vscode.git 1344
[2020-12-27 23:33:27.481] [exthost] [warning] [Decorations] CAPPING events from decorations provider vscode.git 1344
[2020-12-27 23:33:32.684] [exthost] [warning] [Decorations] CAPPING events from decorations provider vscode.git 1344
[2020-12-27 23:33:37.953] [exthost] [warning] [Decorations] CAPPING events from decorations provider vscode.git 1344
[2020-12-27 23:34:45.176] [exthost] [warning] [Decorations] CAPPING events from decorations provider vscode.git 1344
[2020-12-27 23:34:50.348] [exthost] [warning] [Decorations] CAPPING events from decorations provider vscode.git 1344
[2020-12-27 23:34:55.725] [exthost] [warning] [Decorations] CAPPING events from decorations provider vscode.git 1344
[2020-12-27 23:35:07.730] [exthost] [warning] [Decorations] CAPPING events from decorations provider vscode.git 1344
[2020-12-27 23:35:16.377] [exthost] [warning] [Decorations] CAPPING events from decorations provider vscode.git 1344
[2020-12-27 23:35:21.589] [exthost] [warning] [Decorations] CAPPING events from decorations provider vscode.git 1344
[2020-12-27 23:35:26.856] [exthost] [warning] [Decorations] CAPPING events from decorations provider vscode.git 1344
[2020-12-27 23:35:32.018] [exthost] [warning] [Decorations] CAPPING events from decorations provider vscode.git 1344
[2020-12-27 23:35:37.159] [exthost] [warning] [Decorations] CAPPING events from decorations provider vscode.git 1344
[2020-12-27 23:35:42.489] [exthost] [warning] [Decorations] CAPPING events from decorations provider vscode.git 1344
[2020-12-27 23:36:05.180] [exthost] [warning] [Decorations] CAPPING events from decorations provider vscode.git 1344
[2020-12-27 23:36:10.319] [exthost] [warning] [Decorations] CAPPING events from decorations provider vscode.git 1344
[2020-12-27 23:36:24.325] [exthost] [warning] [Decorations] CAPPING events from decorations provider vscode.git 1344
[2020-12-27 23:36:40.294] [exthost] [warning] [Decorations] CAPPING events from decorations provider vscode.git 1344
[2020-12-27 23:37:25.007] [exthost] [warning] [Decorations] CAPPING events from decorations provider vscode.git 1344
[2020-12-27 23:37:30.151] [exthost] [warning] [Decorations] CAPPING events from decorations provider vscode.git 1344
[2020-12-27 23:41:22.652] [exthost] [warning] [Decorations] CAPPING events from decorations provider vscode.git 1344
[2020-12-27 23:41:27.856] [exthost] [warning] [Decorations] CAPPING events from decorations provider vscode.git 1344
[2020-12-27 23:41:42.055] [exthost] [warning] [Decorations] CAPPING events from decorations provider vscode.git 1344
[2020-12-27 23:41:47.291] [exthost] [warning] [Decorations] CAPPING events from decorations provider vscode.git 1344
[2020-12-27 23:41:52.434] [exthost] [warning] [Decorations] CAPPING events from decorations provider vscode.git 1344
[2020-12-27 23:41:57.620] [exthost] [warning] [Decorations] CAPPING events from decorations provider vscode.git 1344
[2020-12-27 23:42:10.217] [exthost] [warning] [Decorations] CAPPING events from decorations provider vscode.git 1344
[2020-12-27 23:42:17.775] [exthost] [warning] [Decorations] CAPPING events from decorations provider vscode.git 1344
[2020-12-27 23:42:22.985] [exthost] [warning] [Decorations] CAPPING events from decorations provider vscode.git 1344
[2020-12-27 23:42:33.941] [exthost] [warning] [Decorations] CAPPING events from decorations provider vscode.git 1344
[2020-12-27 23:42:39.142] [exthost] [warning] [Decorations] CAPPING events from decorations provider vscode.git 1344
[2020-12-27 23:42:48.954] [exthost] [warning] [Decorations] CAPPING events from decorations provider vscode.git 1344
[2020-12-27 23:42:54.091] [exthost] [warning] [Decorations] CAPPING events from decorations provider vscode.git 1344
[2020-12-27 23:42:59.262] [exthost] [warning] [Decorations] CAPPING events from decorations provider vscode.git 1344
[2020-12-27 23:43:04.533] [exthost] [warning] [Decorations] CAPPING events from decorations provider vscode.git 1344
[2020-12-27 23:43:09.728] [exthost] [warning] [Decorations] CAPPING events from decorations provider vscode.git 1344
[2020-12-27 23:43:17.582] [exthost] [warning] [Decorations] CAPPING events from decorations provider vscode.git 1344
[2020-12-27 23:43:22.702] [exthost] [warning] [Decorations] CAPPING events from decorations provider vscode.git 1344
[2020-12-27 23:43:27.791] [exthost] [warning] [Decorations] CAPPING events from decorations provider vscode.git 1344
[2020-12-27 23:43:35.174] [exthost] [warning] [Decorations] CAPPING events from decorations provider vscode.git 1344
[2020-12-27 23:43:40.335] [exthost] [warning] [Decorations] CAPPING events from decorations provider vscode.git 1344
[2020-12-27 23:45:09.394] [exthost] [warning] [Decorations] CAPPING events from decorations provider vscode.git 1344
[2020-12-27 23:45:16.584] [exthost] [warning] [Decorations] CAPPING events from decorations provider vscode.git 1344
[2020-12-27 23:45:23.431] [exthost] [warning] [Decorations] CAPPING events from decorations provider vscode.git 1344
[2020-12-27 23:45:28.559] [exthost] [warning] [Decorations] CAPPING events from decorations provider vscode.git 1344
[2020-12-27 23:45:33.706] [exthost] [warning] [Decorations] CAPPING events from decorations provider vscode.git 1344
[2020-12-27 23:45:52.220] [exthost] [warning] [Decorations] CAPPING events from decorations provider vscode.git 1344
[2020-12-27 23:46:01.635] [exthost] [warning] [Decorations] CAPPING events from decorations provider vscode.git 1344
[2020-12-27 23:46:22.809] [exthost] [warning] [Decorations] CAPPING events from decorations provider vscode.git 1344
[2020-12-27 23:46:27.968] [exthost] [warning] [Decorations] CAPPING events from decorations provider vscode.git 1344
[2020-12-27 23:46:33.088] [exthost] [warning] [Decorations] CAPPING events from decorations provider vscode.git 1344
[2020-12-27 23:47:10.791] [exthost] [warning] [Decorations] CAPPING events from decorations provider vscode.git 1344
[2020-12-27 23:47:22.168] [exthost] [warning] [Decorations] CAPPING events from decorations provider vscode.git 1344
[2020-12-27 23:47:38.875] [exthost] [warning] [Decorations] CAPPING events from decorations provider vscode.git 1344
[2020-12-27 23:47:46.592] [exthost] [warning] [Decorations] CAPPING events from decorations provider vscode.git 1344
[2020-12-27 23:47:51.711] [exthost] [warning] [Decorations] CAPPING events from decorations provider vscode.git 1344
[2020-12-27 23:48:08.010] [exthost] [warning] [Decorations] CAPPING events from decorations provider vscode.git 1344
[2020-12-27 23:48:14.920] [exthost] [warning] [Decorations] CAPPING events from decorations provider vscode.git 1344
[2020-12-27 23:48:20.113] [exthost] [warning] [Decorations] CAPPING events from decorations provider vscode.git 1344
[2020-12-27 23:48:25.333] [exthost] [warning] [Decorations] CAPPING events from decorations provider vscode.git 1344
[2020-12-27 23:48:30.536] [exthost] [warning] [Decorations] CAPPING events from decorations provider vscode.git 1344
[2020-12-27 23:48:35.637] [exthost] [warning] [Decorations] CAPPING events from decorations provider vscode.git 1344
[2020-12-27 23:48:40.764] [exthost] [warning] [Decorations] CAPPING events from decorations provider vscode.git 1344
[2020-12-27 23:48:45.876] [exthost] [warning] [Decorations] CAPPING events from decorations provider vscode.git 1344
[2020-12-27 23:48:57.123] [exthost] [warning] [Decorations] CAPPING events from decorations provider vscode.git 1344
[2020-12-27 23:50:22.426] [exthost] [warning] [Decorations] CAPPING events from decorations provider vscode.git 1344
[2020-12-27 23:50:27.616] [exthost] [warning] [Decorations] CAPPING events from decorations provider vscode.git 1344
[2020-12-27 23:50:32.866] [exthost] [warning] [Decorations] CAPPING events from decorations provider vscode.git 1344
[2020-12-27 23:50:38.582] [exthost] [warning] [Decorations] CAPPING events from decorations provider vscode.git 1344
[2020-12-27 23:50:48.375] [exthost] [warning] [Decorations] CAPPING events from decorations provider vscode.git 1344
[2020-12-27 23:50:58.463] [exthost] [warning] [Decorations] CAPPING events from decorations provider vscode.git 1344
[2020-12-27 23:51:03.669] [exthost] [warning] [Decorations] CAPPING events from decorations provider vscode.git 1344
[2020-12-27 23:51:08.866] [exthost] [warning] [Decorations] CAPPING events from decorations provider vscode.git 1344
[2020-12-27 23:51:14.054] [exthost] [warning] [Decorations] CAPPING events from decorations provider vscode.git 1344
[2020-12-27 23:51:19.185] [exthost] [warning] [Decorations] CAPPING events from decorations provider vscode.git 1344
[2020-12-27 23:51:24.325] [exthost] [warning] [Decorations] CAPPING events from decorations provider vscode.git 1344
[2020-12-27 23:51:34.108] [exthost] [warning] [Decorations] CAPPING events from decorations provider vscode.git 1344
[2020-12-27 23:51:39.226] [exthost] [warning] [Decorations] CAPPING events from decorations provider vscode.git 1344
[2020-12-27 23:51:50.481] [exthost] [warning] [Decorations] CAPPING events from decorations provider vscode.git 1344
[2020-12-27 23:51:55.624] [exthost] [warning] [Decorations] CAPPING events from decorations provider vscode.git 1344
[2020-12-27 23:52:00.743] [exthost] [warning] [Decorations] CAPPING events from decorations provider vscode.git 1344
[2020-12-27 23:52:05.951] [exthost] [warning] [Decorations] CAPPING events from decorations provider vscode.git 1344
[2020-12-27 23:52:18.675] [exthost] [warning] [Decorations] CAPPING events from decorations provider vscode.git 1344
[2020-12-27 23:52:23.969] [exthost] [warning] [Decorations] CAPPING events from decorations provider vscode.git 1344
[2020-12-27 23:52:35.270] [exthost] [warning] [Decorations] CAPPING events from decorations provider vscode.git 1344
[2020-12-27 23:52:40.424] [exthost] [warning] [Decorations] CAPPING events from decorations provider vscode.git 1344
[2020-12-27 23:53:58.640] [exthost] [warning] [Decorations] CAPPING events from decorations provider vscode.git 1344
[2020-12-27 23:54:13.480] [exthost] [warning] [Decorations] CAPPING events from decorations provider vscode.git 1344
[2020-12-27 23:54:18.641] [exthost] [warning] [Decorations] CAPPING events from decorations provider vscode.git 1344
[2020-12-27 23:54:23.920] [exthost] [warning] [Decorations] CAPPING events from decorations provider vscode.git 1344
[2020-12-27 23:55:04.319] [exthost] [warning] [Decorations] CAPPING events from decorations provider vscode.git 1344
[2020-12-27 23:55:09.502] [exthost] [warning] [Decorations] CAPPING events from decorations provider vscode.git 1344
[2020-12-27 23:55:15.075] [exthost] [warning] [Decorations] CAPPING events from decorations provider vscode.git 1344
[2020-12-27 23:55:20.209] [exthost] [warning] [Decorations] CAPPING events from decorations provider vscode.git 1344
[2020-12-27 23:55:25.598] [exthost] [warning] [Decorations] CAPPING events from decorations provider vscode.git 1344
[2020-12-27 23:55:33.061] [exthost] [warning] [Decorations] CAPPING events from decorations provider vscode.git 1344
[2020-12-27 23:55:38.305] [exthost] [warning] [Decorations] CAPPING events from decorations provider vscode.git 1344
[2020-12-27 23:55:40.148] [exthost] [error] [vscode.typescript-language-features] provider FAILED
[2020-12-27 23:55:40.148] [exthost] [error] Error: DisposableStore is missing...
	at H._convertCompletionItem (/usr/share/code/resources/app/out/vs/workbench/services/extensions/node/extensionHostProcess.js:765:55)
	at H.resolveCompletionItem (/usr/share/code/resources/app/out/vs/workbench/services/extensions/node/extensionHostProcess.js:764:813)
	at runMicrotasks (<anonymous>)
	at processTicksAndRejections (internal/process/task_queues.js:94:5)
[2020-12-27 23:55:43.495] [exthost] [warning] [Decorations] CAPPING events from decorations provider vscode.git 1344
[2020-12-27 23:55:48.658] [exthost] [warning] [Decorations] CAPPING events from decorations provider vscode.git 1344
[2020-12-27 23:55:55.093] [exthost] [warning] [Decorations] CAPPING events from decorations provider vscode.git 1344
[2020-12-27 23:56:00.233] [exthost] [warning] [Decorations] CAPPING events from decorations provider vscode.git 1344
[2020-12-27 23:56:05.920] [exthost] [warning] [Decorations] CAPPING events from decorations provider vscode.git 1344
[2020-12-27 23:56:11.048] [exthost] [warning] [Decorations] CAPPING events from decorations provider vscode.git 1344
[2020-12-27 23:56:16.183] [exthost] [warning] [Decorations] CAPPING events from decorations provider vscode.git 1344
[2020-12-27 23:56:21.383] [exthost] [warning] [Decorations] CAPPING events from decorations provider vscode.git 1344
[2020-12-27 23:56:33.861] [exthost] [warning] [Decorations] CAPPING events from decorations provider vscode.git 1344
[2020-12-27 23:56:39.058] [exthost] [warning] [Decorations] CAPPING events from decorations provider vscode.git 1344
[2020-12-28 00:00:14.147] [exthost] [warning] [Decorations] CAPPING events from decorations provider vscode.git 1344
[2020-12-28 00:00:19.358] [exthost] [warning] [Decorations] CAPPING events from decorations provider vscode.git 1344
[2020-12-28 00:00:34.631] [exthost] [warning] [Decorations] CAPPING events from decorations provider vscode.git 1344
[2020-12-28 00:00:39.982] [exthost] [warning] [Decorations] CAPPING events from decorations provider vscode.git 1344
[2020-12-28 00:02:05.817] [exthost] [warning] [Decorations] CAPPING events from decorations provider vscode.git 1344
[2020-12-28 00:02:28.681] [exthost] [warning] [Decorations] CAPPING events from decorations provider vscode.git 1344
[2020-12-28 00:02:33.862] [exthost] [warning] [Decorations] CAPPING events from decorations provider vscode.git 1344
[2020-12-28 00:02:38.969] [exthost] [warning] [Decorations] CAPPING events from decorations provider vscode.git 1344
[2020-12-28 00:02:44.078] [exthost] [warning] [Decorations] CAPPING events from decorations provider vscode.git 1344
[2020-12-28 00:02:49.213] [exthost] [warning] [Decorations] CAPPING events from decorations provider vscode.git 1344
[2020-12-28 00:02:54.345] [exthost] [warning] [Decorations] CAPPING events from decorations provider vscode.git 1344
[2020-12-28 00:02:59.453] [exthost] [warning] [Decorations] CAPPING events from decorations provider vscode.git 1344
[2020-12-28 00:03:04.560] [exthost] [warning] [Decorations] CAPPING events from decorations provider vscode.git 1344
[2020-12-28 00:03:09.670] [exthost] [warning] [Decorations] CAPPING events from decorations provider vscode.git 1344
[2020-12-28 00:03:14.777] [exthost] [warning] [Decorations] CAPPING events from decorations provider vscode.git 1344
[2020-12-28 00:03:19.924] [exthost] [warning] [Decorations] CAPPING events from decorations provider vscode.git 1344
[2020-12-28 00:03:25.113] [exthost] [warning] [Decorations] CAPPING events from decorations provider vscode.git 1344
[2020-12-28 00:03:30.271] [exthost] [warning] [Decorations] CAPPING events from decorations provider vscode.git 1344
[2020-12-28 00:03:35.500] [exthost] [warning] [Decorations] CAPPING events from decorations provider vscode.git 1344
[2020-12-28 00:03:48.752] [exthost] [warning] [Decorations] CAPPING events from decorations provider vscode.git 1344
[2020-12-28 00:03:53.842] [exthost] [warning] [Decorations] CAPPING events from decorations provider vscode.git 1344
[2020-12-28 00:03:59.012] [exthost] [warning] [Decorations] CAPPING events from decorations provider vscode.git 1344
[2020-12-28 00:04:04.167] [exthost] [warning] [Decorations] CAPPING events from decorations provider vscode.git 1344
[2020-12-28 00:04:23.686] [exthost] [warning] [Decorations] CAPPING events from decorations provider vscode.git 1344
[2020-12-28 00:06:13.095] [exthost] [warning] [Decorations] CAPPING events from decorations provider vscode.git 1344
[2020-12-28 00:06:18.235] [exthost] [warning] [Decorations] CAPPING events from decorations provider vscode.git 1344
[2020-12-28 00:06:23.371] [exthost] [warning] [Decorations] CAPPING events from decorations provider vscode.git 1344
[2020-12-28 00:06:34.914] [exthost] [warning] [Decorations] CAPPING events from decorations provider vscode.git 1344
[2020-12-28 00:06:40.100] [exthost] [warning] [Decorations] CAPPING events from decorations provider vscode.git 1344
[2020-12-28 00:06:45.295] [exthost] [warning] [Decorations] CAPPING events from decorations provider vscode.git 1344
[2020-12-28 00:06:50.458] [exthost] [warning] [Decorations] CAPPING events from decorations provider vscode.git 1344
[2020-12-28 00:06:55.670] [exthost] [warning] [Decorations] CAPPING events from decorations provider vscode.git 1344
[2020-12-28 00:07:07.360] [exthost] [warning] [Decorations] CAPPING events from decorations provider vscode.git 1344
[2020-12-28 00:07:12.510] [exthost] [warning] [Decorations] CAPPING events from decorations provider vscode.git 1344
[2020-12-28 00:07:24.197] [exthost] [warning] [Decorations] CAPPING events from decorations provider vscode.git 1344
[2020-12-28 00:07:29.322] [exthost] [warning] [Decorations] CAPPING events from decorations provider vscode.git 1344
